<?xml version="1.0" encoding="UTF-8" ?>
<testsuite errors="0" tests="15" time="0.141" failures="0" name="net.sf.spindle.core.namespace.ComponentSpecificationResolverTest">
  <properties>
[...]
</properties>
  <testcase time="0.047" name="testConstructor"/>
  <testcase time="0" name="testConstructor1"/>
  <testcase time="0" name="testConstructor2"/>
  <testcase time="0.015" name="testConstructor3"/>
  <testcase time="0" name="testConstructor4"/>
  <testcase time="0" name="testResolveInFramework"/>
  <testcase time="0" name="testResolveInFramework1"/>
  <testcase time="0" name="testResolve"/>
  <testcase time="0" name="testResolveOverride"/>
  <testcase time="0" name="testResolveChildNoChild"/>
  <testcase time="0.016" name="testResolveChildMissing"/>
  <testcase time="0" name="testResolveChild"/>
  <testcase time="0" name="testResolveStandard"/>
  <testcase time="0" name="testResolveNullLibId"/>
  <testcase time="0" name="testResolveSpecial"/>
</testsuite>